# JRE version: OpenJDK Runtime Environment Temurin-21.0.6+7 (21.0.6+7) (build 21.0.6+7-LTS)
# Java VM: OpenJDK 64-Bit Server VM Temurin-21.0.6+7 (21.0.6+7-LTS, mixed mode, sharing, tiered, compressed oops, compressed class ptrs, parallel gc, windows-amd64)
GC Precious Log:
 CardTable entry size: 512
 CPUs: 8 total, 8 available
 Memory: 7987M
 Large Page Support: Disabled
 NUMA Support: Disabled
 Compressed Oops: Enabled (32-bit)
 Alignments: Space 512K, Generation 512K, Heap 2M
 Heap Min Capacity: 100M
 Heap Initial Capacity: 100M
 Heap Max Capacity: 1G
 Pre-touch: Disabled
 Parallel Workers: 8
Heap:
 PSYoungGen      total 5120K, used 459K [0x00000000eab00000, 0x00000000eb100000, 0x0000000100000000)
  eden space 3584K, 1% used [0x00000000eab00000,0x00000000eab112b0,0x00000000eae80000)
  from space 1536K, 25% used [0x00000000eaf80000,0x00000000eafe1b60,0x00000000eb100000)
  to   space 1024K, 0% used [0x00000000eae80000,0x00000000eae80000,0x00000000eaf80000)
 ParOldGen       total 530944K, used 530879K [0x00000000c0000000, 0x00000000e0680000, 0x00000000eab00000)
  object space 530944K, 99% used [0x00000000c0000000,0x00000000e066fca0,0x00000000e0680000)
 Metaspace       used 76987K, committed 78720K, reserved 1179648K
  class space    used 7732K, committed 8512K, reserved 1048576K
GC Heap History (20 events):
Event: 304.174 GC heap after
{Heap after GC invocations=1693 (full 4):
 PSYoungGen      total 4096K, used 896K [0x00000000eab00000, 0x00000000eb080000, 0x0000000100000000)
  eden space 3072K, 0% used [0x00000000eab00000,0x00000000eab00000,0x00000000eae00000)
  from space 1024K, 87% used [0x00000000eaf80000,0x00000000eb060020,0x00000000eb080000)
  to   space 1024K, 0% used [0x00000000eae00000,0x00000000eae00000,0x00000000eaf00000)
 ParOldGen       total 524288K, used 523807K [0x00000000c0000000, 0x00000000e0000000, 0x00000000eab00000)
  object space 524288K, 99% used [0x00000000c0000000,0x00000000dff87f60,0x00000000e0000000)
 Metaspace       used 76815K, committed 78528K, reserved 1179648K
  class space    used 7716K, committed 8512K, reserved 1048576K
}
Event: 304.228 GC heap before
{Heap before GC invocations=1694 (full 4):
 PSYoungGen      total 4096K, used 3968K [0x00000000eab00000, 0x00000000eb080000, 0x0000000100000000)
  eden space 3072K, 100% used [0x00000000eab00000,0x00000000eae00000,0x00000000eae00000)
  from space 1024K, 87% used [0x00000000eaf80000,0x00000000eb060020,0x00000000eb080000)
  to   space 1024K, 0% used [0x00000000eae00000,0x00000000eae00000,0x00000000eaf00000)
 ParOldGen       total 524288K, used 523807K [0x00000000c0000000, 0x00000000e0000000, 0x00000000eab00000)
  object space 524288K, 99% used [0x00000000c0000000,0x00000000dff87f60,0x00000000e0000000)
 Metaspace       used 76843K, committed 78592K, reserved 1179648K
  class space    used 7716K, committed 8512K, reserved 1048576K
}
Event: 304.231 GC heap after
{Heap after GC invocations=1694 (full 4):
 PSYoungGen      total 4096K, used 1020K [0x00000000eab00000, 0x00000000eb200000, 0x0000000100000000)
  eden space 3072K, 0% used [0x00000000eab00000,0x00000000eab00000,0x00000000eae00000)
  from space 1024K, 99% used [0x00000000eae00000,0x00000000eaeff090,0x00000000eaf00000)
  to   space 2048K, 0% used [0x00000000eb000000,0x00000000eb000000,0x00000000eb200000)
 ParOldGen       total 524800K, used 524655K [0x00000000c0000000, 0x00000000e0080000, 0x00000000eab00000)
  object space 524800K, 99% used [0x00000000c0000000,0x00000000e005bf80,0x00000000e0080000)
 Metaspace       used 76843K, committed 78592K, reserved 1179648K
  class space    used 7716K, committed 8512K, reserved 1048576K
}
Event: 304.351 GC heap before
{Heap before GC invocations=1695 (full 4):
 PSYoungGen      total 4096K, used 4092K [0x00000000eab00000, 0x00000000eb200000, 0x0000000100000000)
  eden space 3072K, 100% used [0x00000000eab00000,0x00000000eae00000,0x00000000eae00000)
  from space 1024K, 99% used [0x00000000eae00000,0x00000000eaeff090,0x00000000eaf00000)
  to   space 2048K, 0% used [0x00000000eb000000,0x00000000eb000000,0x00000000eb200000)
 ParOldGen       total 524800K, used 524655K [0x00000000c0000000, 0x00000000e0080000, 0x00000000eab00000)
  object space 524800K, 99% used [0x00000000c0000000,0x00000000e005bf80,0x00000000e0080000)
 Metaspace       used 76857K, committed 78592K, reserved 1179648K
  class space    used 7716K, committed 8512K, reserved 1048576K
}
Event: 304.355 GC heap after
{Heap after GC invocations=1695 (full 4):
 PSYoungGen      total 5120K, used 1627K [0x00000000eab00000, 0x00000000eb200000, 0x0000000100000000)
  eden space 3072K, 0% used [0x00000000eab00000,0x00000000eab00000,0x00000000eae00000)
  from space 2048K, 79% used [0x00000000eb000000,0x00000000eb196c78,0x00000000eb200000)
  to   space 2048K, 0% used [0x00000000eae00000,0x00000000eae00000,0x00000000eb000000)
 ParOldGen       total 525824K, used 525563K [0x00000000c0000000, 0x00000000e0180000, 0x00000000eab00000)
  object space 525824K, 99% used [0x00000000c0000000,0x00000000e013ef28,0x00000000e0180000)
 Metaspace       used 76857K, committed 78592K, reserved 1179648K
  class space    used 7716K, committed 8512K, reserved 1048576K
}
Event: 304.409 GC heap before
{Heap before GC invocations=1696 (full 4):
 PSYoungGen      total 5120K, used 4676K [0x00000000eab00000, 0x00000000eb200000, 0x0000000100000000)
  eden space 3072K, 99% used [0x00000000eab00000,0x00000000eadfa550,0x00000000eae00000)
  from space 2048K, 79% used [0x00000000eb000000,0x00000000eb196c78,0x00000000eb200000)
  to   space 2048K, 0% used [0x00000000eae00000,0x00000000eae00000,0x00000000eb000000)
 ParOldGen       total 525824K, used 525563K [0x00000000c0000000, 0x00000000e0180000, 0x00000000eab00000)
  object space 525824K, 99% used [0x00000000c0000000,0x00000000e013ef28,0x00000000e0180000)
 Metaspace       used 76920K, committed 78656K, reserved 1179648K
  class space    used 7731K, committed 8512K, reserved 1048576K
}
Event: 304.413 GC heap after
{Heap after GC invocations=1696 (full 4):
 PSYoungGen      total 4096K, used 534K [0x00000000eab00000, 0x00000000eb080000, 0x0000000100000000)
  eden space 3072K, 0% used [0x00000000eab00000,0x00000000eab00000,0x00000000eae00000)
  from space 1024K, 52% used [0x00000000eae00000,0x00000000eae858f0,0x00000000eaf00000)
  to   space 1024K, 0% used [0x00000000eaf80000,0x00000000eaf80000,0x00000000eb080000)
 ParOldGen       total 527360K, used 526954K [0x00000000c0000000, 0x00000000e0300000, 0x00000000eab00000)
  object space 527360K, 99% used [0x00000000c0000000,0x00000000e029a998,0x00000000e0300000)
 Metaspace       used 76920K, committed 78656K, reserved 1179648K
  class space    used 7731K, committed 8512K, reserved 1048576K
}
Event: 304.428 GC heap before
{Heap before GC invocations=1697 (full 4):
 PSYoungGen      total 4096K, used 3606K [0x00000000eab00000, 0x00000000eb080000, 0x0000000100000000)
  eden space 3072K, 100% used [0x00000000eab00000,0x00000000eae00000,0x00000000eae00000)
  from space 1024K, 52% used [0x00000000eae00000,0x00000000eae858f0,0x00000000eaf00000)
  to   space 1024K, 0% used [0x00000000eaf80000,0x00000000eaf80000,0x00000000eb080000)
 ParOldGen       total 527360K, used 526954K [0x00000000c0000000, 0x00000000e0300000, 0x00000000eab00000)
  object space 527360K, 99% used [0x00000000c0000000,0x00000000e029a998,0x00000000e0300000)
 Metaspace       used 76930K, committed 78656K, reserved 1179648K
  class space    used 7732K, committed 8512K, reserved 1048576K
}
Event: 304.430 GC heap after
{Heap after GC invocations=1697 (full 4):
 PSYoungGen      total 4096K, used 703K [0x00000000eab00000, 0x00000000eb080000, 0x0000000100000000)
  eden space 3072K, 0% used [0x00000000eab00000,0x00000000eab00000,0x00000000eae00000)
  from space 1024K, 68% used [0x00000000eaf80000,0x00000000eb02fe78,0x00000000eb080000)
  to   space 1024K, 0% used [0x00000000eae00000,0x00000000eae00000,0x00000000eaf00000)
 ParOldGen       total 527360K, used 527237K [0x00000000c0000000, 0x00000000e0300000, 0x00000000eab00000)
  object space 527360K, 99% used [0x00000000c0000000,0x00000000e02e1620,0x00000000e0300000)
 Metaspace       used 76930K, committed 78656K, reserved 1179648K
  class space    used 7732K, committed 8512K, reserved 1048576K
}
Event: 304.447 GC heap before
{Heap before GC invocations=1698 (full 4):
 PSYoungGen      total 4096K, used 3775K [0x00000000eab00000, 0x00000000eb080000, 0x0000000100000000)
  eden space 3072K, 100% used [0x00000000eab00000,0x00000000eae00000,0x00000000eae00000)
  from space 1024K, 68% used [0x00000000eaf80000,0x00000000eb02fe78,0x00000000eb080000)
  to   space 1024K, 0% used [0x00000000eae00000,0x00000000eae00000,0x00000000eaf00000)
 ParOldGen       total 527360K, used 527237K [0x00000000c0000000, 0x00000000e0300000, 0x00000000eab00000)
  object space 527360K, 99% used [0x00000000c0000000,0x00000000e02e1620,0x00000000e0300000)
 Metaspace       used 76936K, committed 78656K, reserved 1179648K
  class space    used 7732K, committed 8512K, reserved 1048576K
}
Event: 304.449 GC heap after
{Heap after GC invocations=1698 (full 4):
 PSYoungGen      total 4096K, used 480K [0x00000000eab00000, 0x00000000eb000000, 0x0000000100000000)
  eden space 3072K, 0% used [0x00000000eab00000,0x00000000eab00000,0x00000000eae00000)
  from space 1024K, 46% used [0x00000000eae00000,0x00000000eae78000,0x00000000eaf00000)
  to   space 1024K, 0% used [0x00000000eaf00000,0x00000000eaf00000,0x00000000eb000000)
 ParOldGen       total 528384K, used 527900K [0x00000000c0000000, 0x00000000e0400000, 0x00000000eab00000)
  object space 528384K, 99% used [0x00000000c0000000,0x00000000e0387020,0x00000000e0400000)
 Metaspace       used 76936K, committed 78656K, reserved 1179648K
  class space    used 7732K, committed 8512K, reserved 1048576K
}
Event: 304.467 GC heap before
{Heap before GC invocations=1699 (full 4):
 PSYoungGen      total 4096K, used 3552K [0x00000000eab00000, 0x00000000eb000000, 0x0000000100000000)
  eden space 3072K, 100% used [0x00000000eab00000,0x00000000eae00000,0x00000000eae00000)
  from space 1024K, 46% used [0x00000000eae00000,0x00000000eae78000,0x00000000eaf00000)
  to   space 1024K, 0% used [0x00000000eaf00000,0x00000000eaf00000,0x00000000eb000000)
 ParOldGen       total 528384K, used 527900K [0x00000000c0000000, 0x00000000e0400000, 0x00000000eab00000)
  object space 528384K, 99% used [0x00000000c0000000,0x00000000e0387020,0x00000000e0400000)
 Metaspace       used 76956K, committed 78656K, reserved 1179648K
  class space    used 7732K, committed 8512K, reserved 1048576K
}
Event: 304.469 GC heap after
{Heap after GC invocations=1699 (full 4):
 PSYoungGen      total 4096K, used 608K [0x00000000eab00000, 0x00000000eb000000, 0x0000000100000000)
  eden space 3072K, 0% used [0x00000000eab00000,0x00000000eab00000,0x00000000eae00000)
  from space 1024K, 59% used [0x00000000eaf00000,0x00000000eaf98000,0x00000000eb000000)
  to   space 1024K, 0% used [0x00000000eae00000,0x00000000eae00000,0x00000000eaf00000)
 ParOldGen       total 528384K, used 528324K [0x00000000c0000000, 0x00000000e0400000, 0x00000000eab00000)
  object space 528384K, 99% used [0x00000000c0000000,0x00000000e03f1020,0x00000000e0400000)
 Metaspace       used 76956K, committed 78656K, reserved 1179648K
  class space    used 7732K, committed 8512K, reserved 1048576K
}
Event: 304.492 GC heap before
{Heap before GC invocations=1700 (full 4):
 PSYoungGen      total 4096K, used 3680K [0x00000000eab00000, 0x00000000eb000000, 0x0000000100000000)
  eden space 3072K, 100% used [0x00000000eab00000,0x00000000eae00000,0x00000000eae00000)
  from space 1024K, 59% used [0x00000000eaf00000,0x00000000eaf98000,0x00000000eb000000)
  to   space 1024K, 0% used [0x00000000eae00000,0x00000000eae00000,0x00000000eaf00000)
 ParOldGen       total 528384K, used 528324K [0x00000000c0000000, 0x00000000e0400000, 0x00000000eab00000)
  object space 528384K, 99% used [0x00000000c0000000,0x00000000e03f1020,0x00000000e0400000)
 Metaspace       used 76981K, committed 78720K, reserved 1179648K
  class space    used 7732K, committed 8512K, reserved 1048576K
}
Event: 304.495 GC heap after
{Heap after GC invocations=1700 (full 4):
 PSYoungGen      total 4096K, used 783K [0x00000000eab00000, 0x00000000eb000000, 0x0000000100000000)
  eden space 3072K, 0% used [0x00000000eab00000,0x00000000eab00000,0x00000000eae00000)
  from space 1024K, 76% used [0x00000000eae00000,0x00000000eaec3e00,0x00000000eaf00000)
  to   space 1024K, 0% used [0x00000000eaf00000,0x00000000eaf00000,0x00000000eb000000)
 ParOldGen       total 528896K, used 528772K [0x00000000c0000000, 0x00000000e0480000, 0x00000000eab00000)
  object space 528896K, 99% used [0x00000000c0000000,0x00000000e0461020,0x00000000e0480000)
 Metaspace       used 76981K, committed 78720K, reserved 1179648K
  class space    used 7732K, committed 8512K, reserved 1048576K
}
Event: 304.514 GC heap before
{Heap before GC invocations=1701 (full 4):
 PSYoungGen      total 4096K, used 3855K [0x00000000eab00000, 0x00000000eb000000, 0x0000000100000000)
  eden space 3072K, 100% used [0x00000000eab00000,0x00000000eae00000,0x00000000eae00000)
  from space 1024K, 76% used [0x00000000eae00000,0x00000000eaec3e00,0x00000000eaf00000)
  to   space 1024K, 0% used [0x00000000eaf00000,0x00000000eaf00000,0x00000000eb000000)
 ParOldGen       total 528896K, used 528772K [0x00000000c0000000, 0x00000000e0480000, 0x00000000eab00000)
  object space 528896K, 99% used [0x00000000c0000000,0x00000000e0461020,0x00000000e0480000)
 Metaspace       used 76981K, committed 78720K, reserved 1179648K
  class space    used 7732K, committed 8512K, reserved 1048576K
}
Event: 304.516 GC heap after
{Heap after GC invocations=1701 (full 4):
 PSYoungGen      total 4096K, used 810K [0x00000000eab00000, 0x00000000eb000000, 0x0000000100000000)
  eden space 3072K, 0% used [0x00000000eab00000,0x00000000eab00000,0x00000000eae00000)
  from space 1024K, 79% used [0x00000000eaf00000,0x00000000eafca910,0x00000000eb000000)
  to   space 1024K, 0% used [0x00000000eae00000,0x00000000eae00000,0x00000000eaf00000)
 ParOldGen       total 529408K, used 529315K [0x00000000c0000000, 0x00000000e0500000, 0x00000000eab00000)
  object space 529408K, 99% used [0x00000000c0000000,0x00000000e04e8f08,0x00000000e0500000)
 Metaspace       used 76981K, committed 78720K, reserved 1179648K
  class space    used 7732K, committed 8512K, reserved 1048576K
}
Event: 304.547 GC heap before
{Heap before GC invocations=1702 (full 4):
 PSYoungGen      total 4096K, used 3882K [0x00000000eab00000, 0x00000000eb000000, 0x0000000100000000)
  eden space 3072K, 100% used [0x00000000eab00000,0x00000000eae00000,0x00000000eae00000)
  from space 1024K, 79% used [0x00000000eaf00000,0x00000000eafca910,0x00000000eb000000)
  to   space 1024K, 0% used [0x00000000eae00000,0x00000000eae00000,0x00000000eaf00000)
 ParOldGen       total 529408K, used 529315K [0x00000000c0000000, 0x00000000e0500000, 0x00000000eab00000)
  object space 529408K, 99% used [0x00000000c0000000,0x00000000e04e8f08,0x00000000e0500000)
 Metaspace       used 76981K, committed 78720K, reserved 1179648K
  class space    used 7732K, committed 8512K, reserved 1048576K
}
Event: 304.549 GC heap after
{Heap after GC invocations=1702 (full 4):
 PSYoungGen      total 4096K, used 1024K [0x00000000eab00000, 0x00000000eb100000, 0x0000000100000000)
  eden space 3072K, 0% used [0x00000000eab00000,0x00000000eab00000,0x00000000eae00000)
  from space 1024K, 100% used [0x00000000eae00000,0x00000000eaf00000,0x00000000eaf00000)
  to   space 1536K, 0% used [0x00000000eaf80000,0x00000000eaf80000,0x00000000eb100000)
 ParOldGen       total 530432K, used 530063K [0x00000000c0000000, 0x00000000e0600000, 0x00000000eab00000)
  object space 530432K, 99% used [0x00000000c0000000,0x00000000e05a3ca0,0x00000000e0600000)
 Metaspace       used 76981K, committed 78720K, reserved 1179648K
  class space    used 7732K, committed 8512K, reserved 1048576K
}
Event: 304.706 GC heap before
{Heap before GC invocations=1703 (full 4):
 PSYoungGen      total 4096K, used 4096K [0x00000000eab00000, 0x00000000eb100000, 0x0000000100000000)
  eden space 3072K, 100% used [0x00000000eab00000,0x00000000eae00000,0x00000000eae00000)
  from space 1024K, 100% used [0x00000000eae00000,0x00000000eaf00000,0x00000000eaf00000)
  to   space 1536K, 0% used [0x00000000eaf80000,0x00000000eaf80000,0x00000000eb100000)
 ParOldGen       total 530432K, used 530063K [0x00000000c0000000, 0x00000000e0600000, 0x00000000eab00000)
  object space 530432K, 99% used [0x00000000c0000000,0x00000000e05a3ca0,0x00000000e0600000)
 Metaspace       used 76981K, committed 78720K, reserved 1179648K
  class space    used 7732K, committed 8512K, reserved 1048576K
}

