# JRE version: OpenJDK Runtime Environment Temurin-21.0.6+7 (21.0.6+7) (build 21.0.6+7-LTS)
# Java VM: OpenJDK 64-Bit Server VM Temurin-21.0.6+7 (21.0.6+7-LTS, mixed mode, sharing, tiered, compressed oops, compressed class ptrs, parallel gc, windows-amd64)
GC Precious Log:
 CardTable entry size: 512
 CPUs: 8 total, 8 available
 Memory: 7987M
 Large Page Support: Disabled
 NUMA Support: Disabled
 Compressed Oops: Enabled (32-bit)
 Alignments: Space 512K, Generation 512K, Heap 2M
 Heap Min Capacity: 100M
 Heap Initial Capacity: 100M
 Heap Max Capacity: 1G
 Pre-touch: Disabled
 Parallel Workers: 8
Heap:
 PSYoungGen      total 3072K, used 2533K [0x00000000eab00000, 0x00000000eaf80000, 0x0000000100000000)
  eden space 2048K, 94% used [0x00000000eab00000,0x00000000eace1628,0x00000000ead00000)
  from space 1024K, 59% used [0x00000000ead00000,0x00000000ead98000,0x00000000eae00000)
  to   space 1024K, 0% used [0x00000000eae80000,0x00000000eae80000,0x00000000eaf80000)
 ParOldGen       total 585728K, used 585696K [0x00000000c0000000, 0x00000000e3c00000, 0x00000000eab00000)
  object space 585728K, 99% used [0x00000000c0000000,0x00000000e3bf8148,0x00000000e3c00000)
 Metaspace       used 77488K, committed 79168K, reserved 1179648K
  class space    used 7662K, committed 8448K, reserved 1048576K
GC Heap History (20 events):
Event: 302.936 GC heap before
{Heap before GC invocations=1469 (full 4):
 PSYoungGen      total 3072K, used 2538K [0x00000000eab00000, 0x00000000eaf00000, 0x0000000100000000)
  eden space 2048K, 100% used [0x00000000eab00000,0x00000000ead00000,0x00000000ead00000)
  from space 1024K, 47% used [0x00000000ead00000,0x00000000ead7a920,0x00000000eae00000)
  to   space 1024K, 0% used [0x00000000eae00000,0x00000000eae00000,0x00000000eaf00000)
 ParOldGen       total 580608K, used 580489K [0x00000000c0000000, 0x00000000e3700000, 0x00000000eab00000)
  object space 580608K, 99% used [0x00000000c0000000,0x00000000e36e25c0,0x00000000e3700000)
 Metaspace       used 77472K, committed 79168K, reserved 1179648K
  class space    used 7662K, committed 8448K, reserved 1048576K
}
Event: 302.938 GC heap after
{Heap after GC invocations=1469 (full 4):
 PSYoungGen      total 3072K, used 608K [0x00000000eab00000, 0x00000000eaf00000, 0x0000000100000000)
  eden space 2048K, 0% used [0x00000000eab00000,0x00000000eab00000,0x00000000ead00000)
  from space 1024K, 59% used [0x00000000eae00000,0x00000000eae98000,0x00000000eaf00000)
  to   space 1024K, 0% used [0x00000000ead00000,0x00000000ead00000,0x00000000eae00000)
 ParOldGen       total 581120K, used 580892K [0x00000000c0000000, 0x00000000e3780000, 0x00000000eab00000)
  object space 581120K, 99% used [0x00000000c0000000,0x00000000e3747358,0x00000000e3780000)
 Metaspace       used 77472K, committed 79168K, reserved 1179648K
  class space    used 7662K, committed 8448K, reserved 1048576K
}
Event: 302.947 GC heap before
{Heap before GC invocations=1470 (full 4):
 PSYoungGen      total 3072K, used 2655K [0x00000000eab00000, 0x00000000eaf00000, 0x0000000100000000)
  eden space 2048K, 99% used [0x00000000eab00000,0x00000000eacfffc8,0x00000000ead00000)
  from space 1024K, 59% used [0x00000000eae00000,0x00000000eae98000,0x00000000eaf00000)
  to   space 1024K, 0% used [0x00000000ead00000,0x00000000ead00000,0x00000000eae00000)
 ParOldGen       total 581120K, used 580892K [0x00000000c0000000, 0x00000000e3780000, 0x00000000eab00000)
  object space 581120K, 99% used [0x00000000c0000000,0x00000000e3747358,0x00000000e3780000)
 Metaspace       used 77472K, committed 79168K, reserved 1179648K
  class space    used 7662K, committed 8448K, reserved 1048576K
}
Event: 302.950 GC heap after
{Heap after GC invocations=1470 (full 4):
 PSYoungGen      total 3072K, used 672K [0x00000000eab00000, 0x00000000eaf00000, 0x0000000100000000)
  eden space 2048K, 0% used [0x00000000eab00000,0x00000000eab00000,0x00000000ead00000)
  from space 1024K, 65% used [0x00000000ead00000,0x00000000eada8000,0x00000000eae00000)
  to   space 1024K, 0% used [0x00000000eae00000,0x00000000eae00000,0x00000000eaf00000)
 ParOldGen       total 581632K, used 581412K [0x00000000c0000000, 0x00000000e3800000, 0x00000000eab00000)
  object space 581632K, 99% used [0x00000000c0000000,0x00000000e37c9358,0x00000000e3800000)
 Metaspace       used 77472K, committed 79168K, reserved 1179648K
  class space    used 7662K, committed 8448K, reserved 1048576K
}
Event: 303.039 GC heap before
{Heap before GC invocations=1471 (full 4):
 PSYoungGen      total 3072K, used 2720K [0x00000000eab00000, 0x00000000eaf00000, 0x0000000100000000)
  eden space 2048K, 100% used [0x00000000eab00000,0x00000000ead00000,0x00000000ead00000)
  from space 1024K, 65% used [0x00000000ead00000,0x00000000eada8000,0x00000000eae00000)
  to   space 1024K, 0% used [0x00000000eae00000,0x00000000eae00000,0x00000000eaf00000)
 ParOldGen       total 581632K, used 581412K [0x00000000c0000000, 0x00000000e3800000, 0x00000000eab00000)
  object space 581632K, 99% used [0x00000000c0000000,0x00000000e37c9358,0x00000000e3800000)
 Metaspace       used 77473K, committed 79168K, reserved 1179648K
  class space    used 7662K, committed 8448K, reserved 1048576K
}
Event: 303.040 GC heap after
{Heap after GC invocations=1471 (full 4):
 PSYoungGen      total 3072K, used 544K [0x00000000eab00000, 0x00000000eaf00000, 0x0000000100000000)
  eden space 2048K, 0% used [0x00000000eab00000,0x00000000eab00000,0x00000000ead00000)
  from space 1024K, 53% used [0x00000000eae00000,0x00000000eae88000,0x00000000eaf00000)
  to   space 1024K, 0% used [0x00000000ead00000,0x00000000ead00000,0x00000000eae00000)
 ParOldGen       total 582144K, used 581900K [0x00000000c0000000, 0x00000000e3880000, 0x00000000eab00000)
  object space 582144K, 99% used [0x00000000c0000000,0x00000000e3843358,0x00000000e3880000)
 Metaspace       used 77473K, committed 79168K, reserved 1179648K
  class space    used 7662K, committed 8448K, reserved 1048576K
}
Event: 303.134 GC heap before
{Heap before GC invocations=1472 (full 4):
 PSYoungGen      total 3072K, used 2591K [0x00000000eab00000, 0x00000000eaf00000, 0x0000000100000000)
  eden space 2048K, 99% used [0x00000000eab00000,0x00000000eacffff8,0x00000000ead00000)
  from space 1024K, 53% used [0x00000000eae00000,0x00000000eae88000,0x00000000eaf00000)
  to   space 1024K, 0% used [0x00000000ead00000,0x00000000ead00000,0x00000000eae00000)
 ParOldGen       total 582144K, used 581900K [0x00000000c0000000, 0x00000000e3880000, 0x00000000eab00000)
  object space 582144K, 99% used [0x00000000c0000000,0x00000000e3843358,0x00000000e3880000)
 Metaspace       used 77474K, committed 79168K, reserved 1179648K
  class space    used 7662K, committed 8448K, reserved 1048576K
}
Event: 303.135 GC heap after
{Heap after GC invocations=1472 (full 4):
 PSYoungGen      total 3072K, used 554K [0x00000000eab00000, 0x00000000eaf00000, 0x0000000100000000)
  eden space 2048K, 0% used [0x00000000eab00000,0x00000000eab00000,0x00000000ead00000)
  from space 1024K, 54% used [0x00000000ead00000,0x00000000ead8a920,0x00000000eae00000)
  to   space 1024K, 0% used [0x00000000eae00000,0x00000000eae00000,0x00000000eaf00000)
 ParOldGen       total 582656K, used 582377K [0x00000000c0000000, 0x00000000e3900000, 0x00000000eab00000)
  object space 582656K, 99% used [0x00000000c0000000,0x00000000e38ba5d8,0x00000000e3900000)
 Metaspace       used 77474K, committed 79168K, reserved 1179648K
  class space    used 7662K, committed 8448K, reserved 1048576K
}
Event: 303.139 GC heap before
{Heap before GC invocations=1473 (full 4):
 PSYoungGen      total 3072K, used 2602K [0x00000000eab00000, 0x00000000eaf00000, 0x0000000100000000)
  eden space 2048K, 99% used [0x00000000eab00000,0x00000000eacfff90,0x00000000ead00000)
  from space 1024K, 54% used [0x00000000ead00000,0x00000000ead8a920,0x00000000eae00000)
  to   space 1024K, 0% used [0x00000000eae00000,0x00000000eae00000,0x00000000eaf00000)
 ParOldGen       total 582656K, used 582377K [0x00000000c0000000, 0x00000000e3900000, 0x00000000eab00000)
  object space 582656K, 99% used [0x00000000c0000000,0x00000000e38ba5d8,0x00000000e3900000)
 Metaspace       used 77474K, committed 79168K, reserved 1179648K
  class space    used 7662K, committed 8448K, reserved 1048576K
}
Event: 303.142 GC heap after
{Heap after GC invocations=1473 (full 4):
 PSYoungGen      total 3072K, used 704K [0x00000000eab00000, 0x00000000eaf00000, 0x0000000100000000)
  eden space 2048K, 0% used [0x00000000eab00000,0x00000000eab00000,0x00000000ead00000)
  from space 1024K, 68% used [0x00000000eae00000,0x00000000eaeb0020,0x00000000eaf00000)
  to   space 1024K, 0% used [0x00000000ead00000,0x00000000ead00000,0x00000000eae00000)
 ParOldGen       total 583168K, used 582788K [0x00000000c0000000, 0x00000000e3980000, 0x00000000eab00000)
  object space 583168K, 99% used [0x00000000c0000000,0x00000000e3921370,0x00000000e3980000)
 Metaspace       used 77474K, committed 79168K, reserved 1179648K
  class space    used 7662K, committed 8448K, reserved 1048576K
}
Event: 303.150 GC heap before
{Heap before GC invocations=1474 (full 4):
 PSYoungGen      total 3072K, used 2752K [0x00000000eab00000, 0x00000000eaf00000, 0x0000000100000000)
  eden space 2048K, 100% used [0x00000000eab00000,0x00000000ead00000,0x00000000ead00000)
  from space 1024K, 68% used [0x00000000eae00000,0x00000000eaeb0020,0x00000000eaf00000)
  to   space 1024K, 0% used [0x00000000ead00000,0x00000000ead00000,0x00000000eae00000)
 ParOldGen       total 583168K, used 582788K [0x00000000c0000000, 0x00000000e3980000, 0x00000000eab00000)
  object space 583168K, 99% used [0x00000000c0000000,0x00000000e3921370,0x00000000e3980000)
 Metaspace       used 77474K, committed 79168K, reserved 1179648K
  class space    used 7662K, committed 8448K, reserved 1048576K
}
Event: 303.152 GC heap after
{Heap after GC invocations=1474 (full 4):
 PSYoungGen      total 3072K, used 576K [0x00000000eab00000, 0x00000000eaf80000, 0x0000000100000000)
  eden space 2048K, 0% used [0x00000000eab00000,0x00000000eab00000,0x00000000ead00000)
  from space 1024K, 56% used [0x00000000ead00000,0x00000000ead90000,0x00000000eae00000)
  to   space 1024K, 0% used [0x00000000eae80000,0x00000000eae80000,0x00000000eaf80000)
 ParOldGen       total 583680K, used 583476K [0x00000000c0000000, 0x00000000e3a00000, 0x00000000eab00000)
  object space 583680K, 99% used [0x00000000c0000000,0x00000000e39cd390,0x00000000e3a00000)
 Metaspace       used 77474K, committed 79168K, reserved 1179648K
  class space    used 7662K, committed 8448K, reserved 1048576K
}
Event: 303.168 GC heap before
{Heap before GC invocations=1475 (full 4):
 PSYoungGen      total 3072K, used 2624K [0x00000000eab00000, 0x00000000eaf80000, 0x0000000100000000)
  eden space 2048K, 100% used [0x00000000eab00000,0x00000000ead00000,0x00000000ead00000)
  from space 1024K, 56% used [0x00000000ead00000,0x00000000ead90000,0x00000000eae00000)
  to   space 1024K, 0% used [0x00000000eae80000,0x00000000eae80000,0x00000000eaf80000)
 ParOldGen       total 583680K, used 583476K [0x00000000c0000000, 0x00000000e3a00000, 0x00000000eab00000)
  object space 583680K, 99% used [0x00000000c0000000,0x00000000e39cd390,0x00000000e3a00000)
 Metaspace       used 77476K, committed 79168K, reserved 1179648K
  class space    used 7662K, committed 8448K, reserved 1048576K
}
Event: 303.170 GC heap after
{Heap after GC invocations=1475 (full 4):
 PSYoungGen      total 3072K, used 704K [0x00000000eab00000, 0x00000000eaf80000, 0x0000000100000000)
  eden space 2048K, 0% used [0x00000000eab00000,0x00000000eab00000,0x00000000ead00000)
  from space 1024K, 68% used [0x00000000eae80000,0x00000000eaf30000,0x00000000eaf80000)
  to   space 1024K, 0% used [0x00000000ead00000,0x00000000ead00000,0x00000000eae00000)
 ParOldGen       total 584192K, used 583916K [0x00000000c0000000, 0x00000000e3a80000, 0x00000000eab00000)
  object space 584192K, 99% used [0x00000000c0000000,0x00000000e3a3b390,0x00000000e3a80000)
 Metaspace       used 77476K, committed 79168K, reserved 1179648K
  class space    used 7662K, committed 8448K, reserved 1048576K
}
Event: 303.180 GC heap before
{Heap before GC invocations=1476 (full 4):
 PSYoungGen      total 3072K, used 2752K [0x00000000eab00000, 0x00000000eaf80000, 0x0000000100000000)
  eden space 2048K, 100% used [0x00000000eab00000,0x00000000ead00000,0x00000000ead00000)
  from space 1024K, 68% used [0x00000000eae80000,0x00000000eaf30000,0x00000000eaf80000)
  to   space 1024K, 0% used [0x00000000ead00000,0x00000000ead00000,0x00000000eae00000)
 ParOldGen       total 584192K, used 583916K [0x00000000c0000000, 0x00000000e3a80000, 0x00000000eab00000)
  object space 584192K, 99% used [0x00000000c0000000,0x00000000e3a3b390,0x00000000e3a80000)
 Metaspace       used 77481K, committed 79168K, reserved 1179648K
  class space    used 7662K, committed 8448K, reserved 1048576K
}
Event: 303.182 GC heap after
{Heap after GC invocations=1476 (full 4):
 PSYoungGen      total 3072K, used 714K [0x00000000eab00000, 0x00000000eaf00000, 0x0000000100000000)
  eden space 2048K, 0% used [0x00000000eab00000,0x00000000eab00000,0x00000000ead00000)
  from space 1024K, 69% used [0x00000000ead00000,0x00000000eadb2920,0x00000000eae00000)
  to   space 1024K, 0% used [0x00000000eae00000,0x00000000eae00000,0x00000000eaf00000)
 ParOldGen       total 584704K, used 584500K [0x00000000c0000000, 0x00000000e3b00000, 0x00000000eab00000)
  object space 584704K, 99% used [0x00000000c0000000,0x00000000e3acd390,0x00000000e3b00000)
 Metaspace       used 77481K, committed 79168K, reserved 1179648K
  class space    used 7662K, committed 8448K, reserved 1048576K
}
Event: 303.189 GC heap before
{Heap before GC invocations=1477 (full 4):
 PSYoungGen      total 3072K, used 2762K [0x00000000eab00000, 0x00000000eaf00000, 0x0000000100000000)
  eden space 2048K, 100% used [0x00000000eab00000,0x00000000ead00000,0x00000000ead00000)
  from space 1024K, 69% used [0x00000000ead00000,0x00000000eadb2920,0x00000000eae00000)
  to   space 1024K, 0% used [0x00000000eae00000,0x00000000eae00000,0x00000000eaf00000)
 ParOldGen       total 584704K, used 584500K [0x00000000c0000000, 0x00000000e3b00000, 0x00000000eab00000)
  object space 584704K, 99% used [0x00000000c0000000,0x00000000e3acd390,0x00000000e3b00000)
 Metaspace       used 77481K, committed 79168K, reserved 1179648K
  class space    used 7662K, committed 8448K, reserved 1048576K
}
Event: 303.192 GC heap after
{Heap after GC invocations=1477 (full 4):
 PSYoungGen      total 3072K, used 672K [0x00000000eab00000, 0x00000000eaf80000, 0x0000000100000000)
  eden space 2048K, 0% used [0x00000000eab00000,0x00000000eab00000,0x00000000ead00000)
  from space 1024K, 65% used [0x00000000eae00000,0x00000000eaea8020,0x00000000eaf00000)
  to   space 1024K, 0% used [0x00000000ead00000,0x00000000ead00000,0x00000000eae00000)
 ParOldGen       total 585216K, used 585040K [0x00000000c0000000, 0x00000000e3b80000, 0x00000000eab00000)
  object space 585216K, 99% used [0x00000000c0000000,0x00000000e3b54128,0x00000000e3b80000)
 Metaspace       used 77481K, committed 79168K, reserved 1179648K
  class space    used 7662K, committed 8448K, reserved 1048576K
}
Event: 303.201 GC heap before
{Heap before GC invocations=1478 (full 4):
 PSYoungGen      total 3072K, used 2720K [0x00000000eab00000, 0x00000000eaf80000, 0x0000000100000000)
  eden space 2048K, 100% used [0x00000000eab00000,0x00000000ead00000,0x00000000ead00000)
  from space 1024K, 65% used [0x00000000eae00000,0x00000000eaea8020,0x00000000eaf00000)
  to   space 1024K, 0% used [0x00000000ead00000,0x00000000ead00000,0x00000000eae00000)
 ParOldGen       total 585216K, used 585040K [0x00000000c0000000, 0x00000000e3b80000, 0x00000000eab00000)
  object space 585216K, 99% used [0x00000000c0000000,0x00000000e3b54128,0x00000000e3b80000)
 Metaspace       used 77483K, committed 79168K, reserved 1179648K
  class space    used 7662K, committed 8448K, reserved 1048576K
}
Event: 303.203 GC heap after
{Heap after GC invocations=1478 (full 4):
 PSYoungGen      total 3072K, used 608K [0x00000000eab00000, 0x00000000eaf80000, 0x0000000100000000)
  eden space 2048K, 0% used [0x00000000eab00000,0x00000000eab00000,0x00000000ead00000)
  from space 1024K, 59% used [0x00000000ead00000,0x00000000ead98000,0x00000000eae00000)
  to   space 1024K, 0% used [0x00000000eae80000,0x00000000eae80000,0x00000000eaf80000)
 ParOldGen       total 585728K, used 585696K [0x00000000c0000000, 0x00000000e3c00000, 0x00000000eab00000)
  object space 585728K, 99% used [0x00000000c0000000,0x00000000e3bf8148,0x00000000e3c00000)
 Metaspace       used 77483K, committed 79168K, reserved 1179648K
  class space    used 7662K, committed 8448K, reserved 1048576K
}

