# JRE version: OpenJDK Runtime Environment Temurin-21.0.6+7 (21.0.6+7) (build 21.0.6+7-LTS)
# Java VM: OpenJDK 64-Bit Server VM Temurin-21.0.6+7 (21.0.6+7-LTS, mixed mode, sharing, tiered, compressed oops, compressed class ptrs, parallel gc, windows-amd64)
GC Precious Log:
 CardTable entry size: 512
 CPUs: 8 total, 8 available
 Memory: 7987M
 Large Page Support: Disabled
 NUMA Support: Disabled
 Compressed Oops: Enabled (32-bit)
 Alignments: Space 512K, Generation 512K, Heap 2M
 Heap Min Capacity: 100M
 Heap Initial Capacity: 100M
 Heap Max Capacity: 1G
 Pre-touch: Disabled
 Parallel Workers: 8
Heap:
 PSYoungGen      total 5632K, used 992K [0x00000000eab00000, 0x00000000eb200000, 0x0000000100000000)
  eden space 4608K, 0% used [0x00000000eab00000,0x00000000eab00000,0x00000000eaf80000)
  from space 1024K, 96% used [0x00000000eb100000,0x00000000eb1f8020,0x00000000eb200000)
  to   space 1024K, 0% used [0x00000000eb000000,0x00000000eb000000,0x00000000eb100000)
 ParOldGen       total 666624K, used 666349K [0x00000000c0000000, 0x00000000e8b00000, 0x00000000eab00000)
  object space 666624K, 99% used [0x00000000c0000000,0x00000000e8abb578,0x00000000e8b00000)
 Metaspace       used 81874K, committed 83584K, reserved 1179648K
  class space    used 7909K, committed 8704K, reserved 1048576K
GC Heap History (20 events):
Event: 679.324 GC heap after
{Heap after GC invocations=3966 (full 8):
 PSYoungGen      total 4608K, used 997K [0x00000000eab00000, 0x00000000eb500000, 0x0000000100000000)
  eden space 3584K, 0% used [0x00000000eab00000,0x00000000eab00000,0x00000000eae80000)
  from space 1024K, 97% used [0x00000000eb100000,0x00000000eb1f9748,0x00000000eb200000)
  to   space 2560K, 0% used [0x00000000eae80000,0x00000000eae80000,0x00000000eb100000)
 ParOldGen       total 658432K, used 658227K [0x00000000c0000000, 0x00000000e8300000, 0x00000000eab00000)
  object space 658432K, 99% used [0x00000000c0000000,0x00000000e82ccc58,0x00000000e8300000)
 Metaspace       used 81868K, committed 83584K, reserved 1179648K
  class space    used 7909K, committed 8704K, reserved 1048576K
}
Event: 679.330 GC heap before
{Heap before GC invocations=3967 (full 8):
 PSYoungGen      total 4608K, used 4581K [0x00000000eab00000, 0x00000000eb500000, 0x0000000100000000)
  eden space 3584K, 99% used [0x00000000eab00000,0x00000000eae7ffe0,0x00000000eae80000)
  from space 1024K, 97% used [0x00000000eb100000,0x00000000eb1f9748,0x00000000eb200000)
  to   space 2560K, 0% used [0x00000000eae80000,0x00000000eae80000,0x00000000eb100000)
 ParOldGen       total 658432K, used 658227K [0x00000000c0000000, 0x00000000e8300000, 0x00000000eab00000)
  object space 658432K, 99% used [0x00000000c0000000,0x00000000e82ccc58,0x00000000e8300000)
 Metaspace       used 81868K, committed 83584K, reserved 1179648K
  class space    used 7909K, committed 8704K, reserved 1048576K
}
Event: 679.333 GC heap after
{Heap after GC invocations=3967 (full 8):
 PSYoungGen      total 6144K, used 721K [0x00000000eab00000, 0x00000000eb280000, 0x0000000100000000)
  eden space 3584K, 0% used [0x00000000eab00000,0x00000000eab00000,0x00000000eae80000)
  from space 2560K, 28% used [0x00000000eae80000,0x00000000eaf34548,0x00000000eb100000)
  to   space 1536K, 0% used [0x00000000eb100000,0x00000000eb100000,0x00000000eb280000)
 ParOldGen       total 658944K, used 658876K [0x00000000c0000000, 0x00000000e8380000, 0x00000000eab00000)
  object space 658944K, 99% used [0x00000000c0000000,0x00000000e836f170,0x00000000e8380000)
 Metaspace       used 81868K, committed 83584K, reserved 1179648K
  class space    used 7909K, committed 8704K, reserved 1048576K
}
Event: 679.342 GC heap before
{Heap before GC invocations=3968 (full 8):
 PSYoungGen      total 6144K, used 4305K [0x00000000eab00000, 0x00000000eb280000, 0x0000000100000000)
  eden space 3584K, 100% used [0x00000000eab00000,0x00000000eae80000,0x00000000eae80000)
  from space 2560K, 28% used [0x00000000eae80000,0x00000000eaf34548,0x00000000eb100000)
  to   space 1536K, 0% used [0x00000000eb100000,0x00000000eb100000,0x00000000eb280000)
 ParOldGen       total 658944K, used 658876K [0x00000000c0000000, 0x00000000e8380000, 0x00000000eab00000)
  object space 658944K, 99% used [0x00000000c0000000,0x00000000e836f170,0x00000000e8380000)
 Metaspace       used 81871K, committed 83584K, reserved 1179648K
  class space    used 7909K, committed 8704K, reserved 1048576K
}
Event: 679.344 GC heap after
{Heap after GC invocations=3968 (full 8):
 PSYoungGen      total 6144K, used 1335K [0x00000000eab00000, 0x00000000eb280000, 0x0000000100000000)
  eden space 4608K, 0% used [0x00000000eab00000,0x00000000eab00000,0x00000000eaf80000)
  from space 1536K, 86% used [0x00000000eb100000,0x00000000eb24ddd0,0x00000000eb280000)
  to   space 1536K, 0% used [0x00000000eaf80000,0x00000000eaf80000,0x00000000eb100000)
 ParOldGen       total 659456K, used 659284K [0x00000000c0000000, 0x00000000e8400000, 0x00000000eab00000)
  object space 659456K, 99% used [0x00000000c0000000,0x00000000e83d5170,0x00000000e8400000)
 Metaspace       used 81871K, committed 83584K, reserved 1179648K
  class space    used 7909K, committed 8704K, reserved 1048576K
}
Event: 679.355 GC heap before
{Heap before GC invocations=3969 (full 8):
 PSYoungGen      total 6144K, used 5943K [0x00000000eab00000, 0x00000000eb280000, 0x0000000100000000)
  eden space 4608K, 100% used [0x00000000eab00000,0x00000000eaf80000,0x00000000eaf80000)
  from space 1536K, 86% used [0x00000000eb100000,0x00000000eb24ddd0,0x00000000eb280000)
  to   space 1536K, 0% used [0x00000000eaf80000,0x00000000eaf80000,0x00000000eb100000)
 ParOldGen       total 659456K, used 659284K [0x00000000c0000000, 0x00000000e8400000, 0x00000000eab00000)
  object space 659456K, 99% used [0x00000000c0000000,0x00000000e83d5170,0x00000000e8400000)
 Metaspace       used 81871K, committed 83584K, reserved 1179648K
  class space    used 7909K, committed 8704K, reserved 1048576K
}
Event: 679.357 GC heap after
{Heap after GC invocations=3969 (full 8):
 PSYoungGen      total 6144K, used 1413K [0x00000000eab00000, 0x00000000eb380000, 0x0000000100000000)
  eden space 4608K, 0% used [0x00000000eab00000,0x00000000eab00000,0x00000000eaf80000)
  from space 1536K, 92% used [0x00000000eaf80000,0x00000000eb0e1778,0x00000000eb100000)
  to   space 1536K, 0% used [0x00000000eb200000,0x00000000eb200000,0x00000000eb380000)
 ParOldGen       total 660480K, used 660422K [0x00000000c0000000, 0x00000000e8500000, 0x00000000eab00000)
  object space 660480K, 99% used [0x00000000c0000000,0x00000000e84f1b10,0x00000000e8500000)
 Metaspace       used 81871K, committed 83584K, reserved 1179648K
  class space    used 7909K, committed 8704K, reserved 1048576K
}
Event: 679.369 GC heap before
{Heap before GC invocations=3970 (full 8):
 PSYoungGen      total 6144K, used 6021K [0x00000000eab00000, 0x00000000eb380000, 0x0000000100000000)
  eden space 4608K, 100% used [0x00000000eab00000,0x00000000eaf80000,0x00000000eaf80000)
  from space 1536K, 92% used [0x00000000eaf80000,0x00000000eb0e1778,0x00000000eb100000)
  to   space 1536K, 0% used [0x00000000eb200000,0x00000000eb200000,0x00000000eb380000)
 ParOldGen       total 660480K, used 660422K [0x00000000c0000000, 0x00000000e8500000, 0x00000000eab00000)
  object space 660480K, 99% used [0x00000000c0000000,0x00000000e84f1b10,0x00000000e8500000)
 Metaspace       used 81871K, committed 83584K, reserved 1179648K
  class space    used 7909K, committed 8704K, reserved 1048576K
}
Event: 679.371 GC heap after
{Heap after GC invocations=3970 (full 8):
 PSYoungGen      total 6144K, used 1248K [0x00000000eab00000, 0x00000000eb380000, 0x0000000100000000)
  eden space 4608K, 0% used [0x00000000eab00000,0x00000000eab00000,0x00000000eaf80000)
  from space 1536K, 81% used [0x00000000eb200000,0x00000000eb338000,0x00000000eb380000)
  to   space 1536K, 0% used [0x00000000eaf80000,0x00000000eaf80000,0x00000000eb100000)
 ParOldGen       total 662016K, used 661768K [0x00000000c0000000, 0x00000000e8680000, 0x00000000eab00000)
  object space 662016K, 99% used [0x00000000c0000000,0x00000000e8642090,0x00000000e8680000)
 Metaspace       used 81871K, committed 83584K, reserved 1179648K
  class space    used 7909K, committed 8704K, reserved 1048576K
}
Event: 679.481 GC heap before
{Heap before GC invocations=3971 (full 8):
 PSYoungGen      total 6144K, used 5856K [0x00000000eab00000, 0x00000000eb380000, 0x0000000100000000)
  eden space 4608K, 100% used [0x00000000eab00000,0x00000000eaf80000,0x00000000eaf80000)
  from space 1536K, 81% used [0x00000000eb200000,0x00000000eb338000,0x00000000eb380000)
  to   space 1536K, 0% used [0x00000000eaf80000,0x00000000eaf80000,0x00000000eb100000)
 ParOldGen       total 662016K, used 661768K [0x00000000c0000000, 0x00000000e8680000, 0x00000000eab00000)
  object space 662016K, 99% used [0x00000000c0000000,0x00000000e8642090,0x00000000e8680000)
 Metaspace       used 81874K, committed 83584K, reserved 1179648K
  class space    used 7909K, committed 8704K, reserved 1048576K
}
Event: 679.484 GC heap after
{Heap after GC invocations=3971 (full 8):
 PSYoungGen      total 6144K, used 1509K [0x00000000eab00000, 0x00000000eb580000, 0x0000000100000000)
  eden space 4608K, 0% used [0x00000000eab00000,0x00000000eab00000,0x00000000eaf80000)
  from space 1536K, 98% used [0x00000000eaf80000,0x00000000eb0f9758,0x00000000eb100000)
  to   space 3072K, 0% used [0x00000000eb280000,0x00000000eb280000,0x00000000eb580000)
 ParOldGen       total 663040K, used 662984K [0x00000000c0000000, 0x00000000e8780000, 0x00000000eab00000)
  object space 663040K, 99% used [0x00000000c0000000,0x00000000e8772090,0x00000000e8780000)
 Metaspace       used 81874K, committed 83584K, reserved 1179648K
  class space    used 7909K, committed 8704K, reserved 1048576K
}
Event: 679.495 GC heap before
{Heap before GC invocations=3972 (full 8):
 PSYoungGen      total 6144K, used 6117K [0x00000000eab00000, 0x00000000eb580000, 0x0000000100000000)
  eden space 4608K, 100% used [0x00000000eab00000,0x00000000eaf80000,0x00000000eaf80000)
  from space 1536K, 98% used [0x00000000eaf80000,0x00000000eb0f9758,0x00000000eb100000)
  to   space 3072K, 0% used [0x00000000eb280000,0x00000000eb280000,0x00000000eb580000)
 ParOldGen       total 663040K, used 662984K [0x00000000c0000000, 0x00000000e8780000, 0x00000000eab00000)
  object space 663040K, 99% used [0x00000000c0000000,0x00000000e8772090,0x00000000e8780000)
 Metaspace       used 81874K, committed 83584K, reserved 1179648K
  class space    used 7909K, committed 8704K, reserved 1048576K
}
Event: 679.498 GC heap after
{Heap after GC invocations=3972 (full 8):
 PSYoungGen      total 6144K, used 1312K [0x00000000eab00000, 0x00000000eb400000, 0x0000000100000000)
  eden space 4608K, 0% used [0x00000000eab00000,0x00000000eab00000,0x00000000eaf80000)
  from space 1536K, 85% used [0x00000000eb280000,0x00000000eb3c8000,0x00000000eb400000)
  to   space 2048K, 0% used [0x00000000eb000000,0x00000000eb000000,0x00000000eb200000)
 ParOldGen       total 664576K, used 664480K [0x00000000c0000000, 0x00000000e8900000, 0x00000000eab00000)
  object space 664576K, 99% used [0x00000000c0000000,0x00000000e88e8198,0x00000000e8900000)
 Metaspace       used 81874K, committed 83584K, reserved 1179648K
  class space    used 7909K, committed 8704K, reserved 1048576K
}
Event: 679.510 GC heap before
{Heap before GC invocations=3973 (full 8):
 PSYoungGen      total 6144K, used 5920K [0x00000000eab00000, 0x00000000eb400000, 0x0000000100000000)
  eden space 4608K, 100% used [0x00000000eab00000,0x00000000eaf80000,0x00000000eaf80000)
  from space 1536K, 85% used [0x00000000eb280000,0x00000000eb3c8000,0x00000000eb400000)
  to   space 2048K, 0% used [0x00000000eb000000,0x00000000eb000000,0x00000000eb200000)
 ParOldGen       total 664576K, used 664480K [0x00000000c0000000, 0x00000000e8900000, 0x00000000eab00000)
  object space 664576K, 99% used [0x00000000c0000000,0x00000000e88e8198,0x00000000e8900000)
 Metaspace       used 81874K, committed 83584K, reserved 1179648K
  class space    used 7909K, committed 8704K, reserved 1048576K
}
Event: 679.513 GC heap after
{Heap after GC invocations=3973 (full 8):
 PSYoungGen      total 6144K, used 1062K [0x00000000eab00000, 0x00000000eb300000, 0x0000000100000000)
  eden space 4608K, 0% used [0x00000000eab00000,0x00000000eab00000,0x00000000eaf80000)
  from space 1536K, 69% used [0x00000000eb000000,0x00000000eb109868,0x00000000eb180000)
  to   space 1536K, 0% used [0x00000000eb180000,0x00000000eb180000,0x00000000eb300000)
 ParOldGen       total 665600K, used 665584K [0x00000000c0000000, 0x00000000e8a00000, 0x00000000eab00000)
  object space 665600K, 99% used [0x00000000c0000000,0x00000000e89fc198,0x00000000e8a00000)
 Metaspace       used 81874K, committed 83584K, reserved 1179648K
  class space    used 7909K, committed 8704K, reserved 1048576K
}
Event: 679.547 GC heap before
{Heap before GC invocations=3974 (full 8):
 PSYoungGen      total 6144K, used 5670K [0x00000000eab00000, 0x00000000eb300000, 0x0000000100000000)
  eden space 4608K, 100% used [0x00000000eab00000,0x00000000eaf80000,0x00000000eaf80000)
  from space 1536K, 69% used [0x00000000eb000000,0x00000000eb109868,0x00000000eb180000)
  to   space 1536K, 0% used [0x00000000eb180000,0x00000000eb180000,0x00000000eb300000)
 ParOldGen       total 665600K, used 665584K [0x00000000c0000000, 0x00000000e8a00000, 0x00000000eab00000)
  object space 665600K, 99% used [0x00000000c0000000,0x00000000e89fc198,0x00000000e8a00000)
 Metaspace       used 81874K, committed 83584K, reserved 1179648K
  class space    used 7909K, committed 8704K, reserved 1048576K
}
Event: 679.549 GC heap after
{Heap after GC invocations=3974 (full 8):
 PSYoungGen      total 5120K, used 337K [0x00000000eab00000, 0x00000000eb200000, 0x0000000100000000)
  eden space 4608K, 0% used [0x00000000eab00000,0x00000000eab00000,0x00000000eaf80000)
  from space 512K, 65% used [0x00000000eb180000,0x00000000eb1d4668,0x00000000eb200000)
  to   space 1024K, 0% used [0x00000000eb000000,0x00000000eb000000,0x00000000eb100000)
 ParOldGen       total 666112K, used 665784K [0x00000000c0000000, 0x00000000e8a80000, 0x00000000eab00000)
  object space 666112K, 99% used [0x00000000c0000000,0x00000000e8a2e198,0x00000000e8a80000)
 Metaspace       used 81874K, committed 83584K, reserved 1179648K
  class space    used 7909K, committed 8704K, reserved 1048576K
}
Event: 679.969 GC heap before
{Heap before GC invocations=3975 (full 8):
 PSYoungGen      total 5120K, used 4944K [0x00000000eab00000, 0x00000000eb200000, 0x0000000100000000)
  eden space 4608K, 99% used [0x00000000eab00000,0x00000000eaf7fcc8,0x00000000eaf80000)
  from space 512K, 65% used [0x00000000eb180000,0x00000000eb1d4668,0x00000000eb200000)
  to   space 1024K, 0% used [0x00000000eb000000,0x00000000eb000000,0x00000000eb100000)
 ParOldGen       total 666112K, used 665784K [0x00000000c0000000, 0x00000000e8a80000, 0x00000000eab00000)
  object space 666112K, 99% used [0x00000000c0000000,0x00000000e8a2e198,0x00000000e8a80000)
 Metaspace       used 81874K, committed 83584K, reserved 1179648K
  class space    used 7909K, committed 8704K, reserved 1048576K
}
Event: 679.971 GC heap after
{Heap after GC invocations=3975 (full 8):
 PSYoungGen      total 5632K, used 599K [0x00000000eab00000, 0x00000000eb200000, 0x0000000100000000)
  eden space 4608K, 0% used [0x00000000eab00000,0x00000000eab00000,0x00000000eaf80000)
  from space 1024K, 58% used [0x00000000eb000000,0x00000000eb095ed0,0x00000000eb100000)
  to   space 1024K, 0% used [0x00000000eb100000,0x00000000eb100000,0x00000000eb200000)
 ParOldGen       total 666112K, used 665832K [0x00000000c0000000, 0x00000000e8a80000, 0x00000000eab00000)
  object space 666112K, 99% used [0x00000000c0000000,0x00000000e8a3a198,0x00000000e8a80000)
 Metaspace       used 81874K, committed 83584K, reserved 1179648K
  class space    used 7909K, committed 8704K, reserved 1048576K
}
Event: 679.978 GC heap before
{Heap before GC invocations=3976 (full 8):
 PSYoungGen      total 5632K, used 5207K [0x00000000eab00000, 0x00000000eb200000, 0x0000000100000000)
  eden space 4608K, 100% used [0x00000000eab00000,0x00000000eaf80000,0x00000000eaf80000)
  from space 1024K, 58% used [0x00000000eb000000,0x00000000eb095ed0,0x00000000eb100000)
  to   space 1024K, 0% used [0x00000000eb100000,0x00000000eb100000,0x00000000eb200000)
 ParOldGen       total 666112K, used 665832K [0x00000000c0000000, 0x00000000e8a80000, 0x00000000eab00000)
  object space 666112K, 99% used [0x00000000c0000000,0x00000000e8a3a198,0x00000000e8a80000)
 Metaspace       used 81874K, committed 83584K, reserved 1179648K
  class space    used 7909K, committed 8704K, reserved 1048576K
}

