# JRE version: OpenJDK Runtime Environment Temurin-21.0.6+7 (21.0.6+7) (build 21.0.6+7-LTS)
# Java VM: OpenJDK 64-Bit Server VM Temurin-21.0.6+7 (21.0.6+7-LTS, mixed mode, sharing, tiered, compressed oops, compressed class ptrs, parallel gc, windows-amd64)
GC Precious Log:
 CardTable entry size: 512
 CPUs: 8 total, 8 available
 Memory: 7987M
 Large Page Support: Disabled
 NUMA Support: Disabled
 Compressed Oops: Enabled (32-bit)
 Alignments: Space 512K, Generation 512K, Heap 2M
 Heap Min Capacity: 100M
 Heap Initial Capacity: 100M
 Heap Max Capacity: 1G
 Pre-touch: Disabled
 Parallel Workers: 8
Heap:
 PSYoungGen      total 3072K, used 515K [0x00000000eab00000, 0x00000000eaf00000, 0x0000000100000000)
  eden space 2560K, 7% used [0x00000000eab00000,0x00000000eab30e20,0x00000000ead80000)
  from space 512K, 62% used [0x00000000eae80000,0x00000000eaed0000,0x00000000eaf00000)
  to   space 512K, 0% used [0x00000000eae00000,0x00000000eae00000,0x00000000eae80000)
 ParOldGen       total 699392K, used 618369K [0x00000000c0000000, 0x00000000eab00000, 0x00000000eab00000)
  object space 699392K, 88% used [0x00000000c0000000,0x00000000e5be0660,0x00000000eab00000)
 Metaspace       used 66334K, committed 67904K, reserved 1114112K
  class space    used 6450K, committed 7104K, reserved 1048576K
GC Heap History (20 events):
Event: 87.919 GC heap before
{Heap before GC invocations=859 (full 3):
 PSYoungGen      total 3072K, used 2434K [0x00000000eab00000, 0x00000000eae80000, 0x0000000100000000)
  eden space 2048K, 100% used [0x00000000eab00000,0x00000000ead00000,0x00000000ead00000)
  from space 1024K, 37% used [0x00000000ead00000,0x00000000ead60b70,0x00000000eae00000)
  to   space 512K, 0% used [0x00000000eae00000,0x00000000eae00000,0x00000000eae80000)
 ParOldGen       total 699392K, used 613865K [0x00000000c0000000, 0x00000000eab00000, 0x00000000eab00000)
  object space 699392K, 87% used [0x00000000c0000000,0x00000000e577a7b8,0x00000000eab00000)
 Metaspace       used 66327K, committed 67840K, reserved 1114112K
  class space    used 6450K, committed 7104K, reserved 1048576K
}
Event: 87.921 GC heap after
{Heap after GC invocations=859 (full 3):
 PSYoungGen      total 2560K, used 352K [0x00000000eab00000, 0x00000000eae80000, 0x0000000100000000)
  eden space 2048K, 0% used [0x00000000eab00000,0x00000000eab00000,0x00000000ead00000)
  from space 512K, 68% used [0x00000000eae00000,0x00000000eae58000,0x00000000eae80000)
  to   space 512K, 0% used [0x00000000ead80000,0x00000000ead80000,0x00000000eae00000)
 ParOldGen       total 699392K, used 614113K [0x00000000c0000000, 0x00000000eab00000, 0x00000000eab00000)
  object space 699392K, 87% used [0x00000000c0000000,0x00000000e57b87b8,0x00000000eab00000)
 Metaspace       used 66327K, committed 67840K, reserved 1114112K
  class space    used 6450K, committed 7104K, reserved 1048576K
}
Event: 87.934 GC heap before
{Heap before GC invocations=860 (full 3):
 PSYoungGen      total 2560K, used 2400K [0x00000000eab00000, 0x00000000eae80000, 0x0000000100000000)
  eden space 2048K, 100% used [0x00000000eab00000,0x00000000ead00000,0x00000000ead00000)
  from space 512K, 68% used [0x00000000eae00000,0x00000000eae58000,0x00000000eae80000)
  to   space 512K, 0% used [0x00000000ead80000,0x00000000ead80000,0x00000000eae00000)
 ParOldGen       total 699392K, used 614113K [0x00000000c0000000, 0x00000000eab00000, 0x00000000eab00000)
  object space 699392K, 87% used [0x00000000c0000000,0x00000000e57b87b8,0x00000000eab00000)
 Metaspace       used 66331K, committed 67904K, reserved 1114112K
  class space    used 6450K, committed 7104K, reserved 1048576K
}
Event: 87.936 GC heap after
{Heap after GC invocations=860 (full 3):
 PSYoungGen      total 2560K, used 448K [0x00000000eab00000, 0x00000000eae80000, 0x0000000100000000)
  eden space 2048K, 0% used [0x00000000eab00000,0x00000000eab00000,0x00000000ead00000)
  from space 512K, 87% used [0x00000000ead80000,0x00000000eadf0000,0x00000000eae00000)
  to   space 512K, 0% used [0x00000000eae00000,0x00000000eae00000,0x00000000eae80000)
 ParOldGen       total 699392K, used 614409K [0x00000000c0000000, 0x00000000eab00000, 0x00000000eab00000)
  object space 699392K, 87% used [0x00000000c0000000,0x00000000e58027b8,0x00000000eab00000)
 Metaspace       used 66331K, committed 67904K, reserved 1114112K
  class space    used 6450K, committed 7104K, reserved 1048576K
}
Event: 87.946 GC heap before
{Heap before GC invocations=861 (full 3):
 PSYoungGen      total 2560K, used 2496K [0x00000000eab00000, 0x00000000eae80000, 0x0000000100000000)
  eden space 2048K, 100% used [0x00000000eab00000,0x00000000ead00000,0x00000000ead00000)
  from space 512K, 87% used [0x00000000ead80000,0x00000000eadf0000,0x00000000eae00000)
  to   space 512K, 0% used [0x00000000eae00000,0x00000000eae00000,0x00000000eae80000)
 ParOldGen       total 699392K, used 614409K [0x00000000c0000000, 0x00000000eab00000, 0x00000000eab00000)
  object space 699392K, 87% used [0x00000000c0000000,0x00000000e58027b8,0x00000000eab00000)
 Metaspace       used 66331K, committed 67904K, reserved 1114112K
  class space    used 6450K, committed 7104K, reserved 1048576K
}
Event: 87.949 GC heap after
{Heap after GC invocations=861 (full 3):
 PSYoungGen      total 2560K, used 483K [0x00000000eab00000, 0x00000000eae80000, 0x0000000100000000)
  eden space 2048K, 0% used [0x00000000eab00000,0x00000000eab00000,0x00000000ead00000)
  from space 512K, 94% used [0x00000000eae00000,0x00000000eae78e10,0x00000000eae80000)
  to   space 512K, 0% used [0x00000000ead80000,0x00000000ead80000,0x00000000eae00000)
 ParOldGen       total 699392K, used 614721K [0x00000000c0000000, 0x00000000eab00000, 0x00000000eab00000)
  object space 699392K, 87% used [0x00000000c0000000,0x00000000e58507b8,0x00000000eab00000)
 Metaspace       used 66331K, committed 67904K, reserved 1114112K
  class space    used 6450K, committed 7104K, reserved 1048576K
}
Event: 87.961 GC heap before
{Heap before GC invocations=862 (full 3):
 PSYoungGen      total 2560K, used 2515K [0x00000000eab00000, 0x00000000eae80000, 0x0000000100000000)
  eden space 2048K, 99% used [0x00000000eab00000,0x00000000eacfc120,0x00000000ead00000)
  from space 512K, 94% used [0x00000000eae00000,0x00000000eae78e10,0x00000000eae80000)
  to   space 512K, 0% used [0x00000000ead80000,0x00000000ead80000,0x00000000eae00000)
 ParOldGen       total 699392K, used 614721K [0x00000000c0000000, 0x00000000eab00000, 0x00000000eab00000)
  object space 699392K, 87% used [0x00000000c0000000,0x00000000e58507b8,0x00000000eab00000)
 Metaspace       used 66331K, committed 67904K, reserved 1114112K
  class space    used 6450K, committed 7104K, reserved 1048576K
}
Event: 87.963 GC heap after
{Heap after GC invocations=862 (full 3):
 PSYoungGen      total 2560K, used 405K [0x00000000eab00000, 0x00000000eae80000, 0x0000000100000000)
  eden space 2048K, 0% used [0x00000000eab00000,0x00000000eab00000,0x00000000ead00000)
  from space 512K, 79% used [0x00000000ead80000,0x00000000eade5798,0x00000000eae00000)
  to   space 512K, 0% used [0x00000000eae00000,0x00000000eae00000,0x00000000eae80000)
 ParOldGen       total 699392K, used 615001K [0x00000000c0000000, 0x00000000eab00000, 0x00000000eab00000)
  object space 699392K, 87% used [0x00000000c0000000,0x00000000e58967b8,0x00000000eab00000)
 Metaspace       used 66331K, committed 67904K, reserved 1114112K
  class space    used 6450K, committed 7104K, reserved 1048576K
}
Event: 87.976 GC heap before
{Heap before GC invocations=863 (full 3):
 PSYoungGen      total 2560K, used 2453K [0x00000000eab00000, 0x00000000eae80000, 0x0000000100000000)
  eden space 2048K, 99% used [0x00000000eab00000,0x00000000eacffff8,0x00000000ead00000)
  from space 512K, 79% used [0x00000000ead80000,0x00000000eade5798,0x00000000eae00000)
  to   space 512K, 0% used [0x00000000eae00000,0x00000000eae00000,0x00000000eae80000)
 ParOldGen       total 699392K, used 615001K [0x00000000c0000000, 0x00000000eab00000, 0x00000000eab00000)
  object space 699392K, 87% used [0x00000000c0000000,0x00000000e58967b8,0x00000000eab00000)
 Metaspace       used 66331K, committed 67904K, reserved 1114112K
  class space    used 6450K, committed 7104K, reserved 1048576K
}
Event: 87.978 GC heap after
{Heap after GC invocations=863 (full 3):
 PSYoungGen      total 2560K, used 352K [0x00000000eab00000, 0x00000000eae80000, 0x0000000100000000)
  eden space 2048K, 0% used [0x00000000eab00000,0x00000000eab00000,0x00000000ead00000)
  from space 512K, 68% used [0x00000000eae00000,0x00000000eae58000,0x00000000eae80000)
  to   space 512K, 0% used [0x00000000ead80000,0x00000000ead80000,0x00000000eae00000)
 ParOldGen       total 699392K, used 615281K [0x00000000c0000000, 0x00000000eab00000, 0x00000000eab00000)
  object space 699392K, 87% used [0x00000000c0000000,0x00000000e58dc7b8,0x00000000eab00000)
 Metaspace       used 66331K, committed 67904K, reserved 1114112K
  class space    used 6450K, committed 7104K, reserved 1048576K
}
Event: 88.007 GC heap before
{Heap before GC invocations=864 (full 3):
 PSYoungGen      total 2560K, used 2398K [0x00000000eab00000, 0x00000000eae80000, 0x0000000100000000)
  eden space 2048K, 99% used [0x00000000eab00000,0x00000000eacff8c0,0x00000000ead00000)
  from space 512K, 68% used [0x00000000eae00000,0x00000000eae58000,0x00000000eae80000)
  to   space 512K, 0% used [0x00000000ead80000,0x00000000ead80000,0x00000000eae00000)
 ParOldGen       total 699392K, used 615281K [0x00000000c0000000, 0x00000000eab00000, 0x00000000eab00000)
  object space 699392K, 87% used [0x00000000c0000000,0x00000000e58dc7b8,0x00000000eab00000)
 Metaspace       used 66331K, committed 67904K, reserved 1114112K
  class space    used 6450K, committed 7104K, reserved 1048576K
}
Event: 88.010 GC heap after
{Heap after GC invocations=864 (full 3):
 PSYoungGen      total 2560K, used 384K [0x00000000eab00000, 0x00000000eae80000, 0x0000000100000000)
  eden space 2048K, 0% used [0x00000000eab00000,0x00000000eab00000,0x00000000ead00000)
  from space 512K, 75% used [0x00000000ead80000,0x00000000eade0000,0x00000000eae00000)
  to   space 512K, 0% used [0x00000000eae00000,0x00000000eae00000,0x00000000eae80000)
 ParOldGen       total 699392K, used 615561K [0x00000000c0000000, 0x00000000eab00000, 0x00000000eab00000)
  object space 699392K, 88% used [0x00000000c0000000,0x00000000e59227b8,0x00000000eab00000)
 Metaspace       used 66331K, committed 67904K, reserved 1114112K
  class space    used 6450K, committed 7104K, reserved 1048576K
}
Event: 88.019 GC heap before
{Heap before GC invocations=865 (full 3):
 PSYoungGen      total 2560K, used 2432K [0x00000000eab00000, 0x00000000eae80000, 0x0000000100000000)
  eden space 2048K, 100% used [0x00000000eab00000,0x00000000ead00000,0x00000000ead00000)
  from space 512K, 75% used [0x00000000ead80000,0x00000000eade0000,0x00000000eae00000)
  to   space 512K, 0% used [0x00000000eae00000,0x00000000eae00000,0x00000000eae80000)
 ParOldGen       total 699392K, used 615561K [0x00000000c0000000, 0x00000000eab00000, 0x00000000eab00000)
  object space 699392K, 88% used [0x00000000c0000000,0x00000000e59227b8,0x00000000eab00000)
 Metaspace       used 66331K, committed 67904K, reserved 1114112K
  class space    used 6450K, committed 7104K, reserved 1048576K
}
Event: 88.022 GC heap after
{Heap after GC invocations=865 (full 3):
 PSYoungGen      total 2560K, used 418K [0x00000000eab00000, 0x00000000eae80000, 0x0000000100000000)
  eden space 2048K, 0% used [0x00000000eab00000,0x00000000eab00000,0x00000000ead00000)
  from space 512K, 81% used [0x00000000eae00000,0x00000000eae688c8,0x00000000eae80000)
  to   space 512K, 0% used [0x00000000ead80000,0x00000000ead80000,0x00000000eae00000)
 ParOldGen       total 699392K, used 615777K [0x00000000c0000000, 0x00000000eab00000, 0x00000000eab00000)
  object space 699392K, 88% used [0x00000000c0000000,0x00000000e59587b8,0x00000000eab00000)
 Metaspace       used 66331K, committed 67904K, reserved 1114112K
  class space    used 6450K, committed 7104K, reserved 1048576K
}
Event: 88.031 GC heap before
{Heap before GC invocations=866 (full 3):
 PSYoungGen      total 2560K, used 2466K [0x00000000eab00000, 0x00000000eae80000, 0x0000000100000000)
  eden space 2048K, 100% used [0x00000000eab00000,0x00000000ead00000,0x00000000ead00000)
  from space 512K, 81% used [0x00000000eae00000,0x00000000eae688c8,0x00000000eae80000)
  to   space 512K, 0% used [0x00000000ead80000,0x00000000ead80000,0x00000000eae00000)
 ParOldGen       total 699392K, used 615777K [0x00000000c0000000, 0x00000000eab00000, 0x00000000eab00000)
  object space 699392K, 88% used [0x00000000c0000000,0x00000000e59587b8,0x00000000eab00000)
 Metaspace       used 66331K, committed 67904K, reserved 1114112K
  class space    used 6450K, committed 7104K, reserved 1048576K
}
Event: 88.034 GC heap after
{Heap after GC invocations=866 (full 3):
 PSYoungGen      total 2560K, used 352K [0x00000000eab00000, 0x00000000eae80000, 0x0000000100000000)
  eden space 2048K, 0% used [0x00000000eab00000,0x00000000eab00000,0x00000000ead00000)
  from space 512K, 68% used [0x00000000ead80000,0x00000000eadd8000,0x00000000eae00000)
  to   space 512K, 0% used [0x00000000eae00000,0x00000000eae00000,0x00000000eae80000)
 ParOldGen       total 699392K, used 616049K [0x00000000c0000000, 0x00000000eab00000, 0x00000000eab00000)
  object space 699392K, 88% used [0x00000000c0000000,0x00000000e599c7b8,0x00000000eab00000)
 Metaspace       used 66331K, committed 67904K, reserved 1114112K
  class space    used 6450K, committed 7104K, reserved 1048576K
}
Event: 88.044 GC heap before
{Heap before GC invocations=867 (full 3):
 PSYoungGen      total 2560K, used 2399K [0x00000000eab00000, 0x00000000eae80000, 0x0000000100000000)
  eden space 2048K, 99% used [0x00000000eab00000,0x00000000eacfff00,0x00000000ead00000)
  from space 512K, 68% used [0x00000000ead80000,0x00000000eadd8000,0x00000000eae00000)
  to   space 512K, 0% used [0x00000000eae00000,0x00000000eae00000,0x00000000eae80000)
 ParOldGen       total 699392K, used 616049K [0x00000000c0000000, 0x00000000eab00000, 0x00000000eab00000)
  object space 699392K, 88% used [0x00000000c0000000,0x00000000e599c7b8,0x00000000eab00000)
 Metaspace       used 66331K, committed 67904K, reserved 1114112K
  class space    used 6450K, committed 7104K, reserved 1048576K
}
Event: 88.047 GC heap after
{Heap after GC invocations=867 (full 3):
 PSYoungGen      total 3072K, used 480K [0x00000000eab00000, 0x00000000eae80000, 0x0000000100000000)
  eden space 2560K, 0% used [0x00000000eab00000,0x00000000eab00000,0x00000000ead80000)
  from space 512K, 93% used [0x00000000eae00000,0x00000000eae78000,0x00000000eae80000)
  to   space 512K, 0% used [0x00000000ead80000,0x00000000ead80000,0x00000000eae00000)
 ParOldGen       total 699392K, used 616345K [0x00000000c0000000, 0x00000000eab00000, 0x00000000eab00000)
  object space 699392K, 88% used [0x00000000c0000000,0x00000000e59e67b8,0x00000000eab00000)
 Metaspace       used 66331K, committed 67904K, reserved 1114112K
  class space    used 6450K, committed 7104K, reserved 1048576K
}
Event: 88.056 GC heap before
{Heap before GC invocations=868 (full 3):
 PSYoungGen      total 3072K, used 3040K [0x00000000eab00000, 0x00000000eae80000, 0x0000000100000000)
  eden space 2560K, 100% used [0x00000000eab00000,0x00000000ead80000,0x00000000ead80000)
  from space 512K, 93% used [0x00000000eae00000,0x00000000eae78000,0x00000000eae80000)
  to   space 512K, 0% used [0x00000000ead80000,0x00000000ead80000,0x00000000eae00000)
 ParOldGen       total 699392K, used 616345K [0x00000000c0000000, 0x00000000eab00000, 0x00000000eab00000)
  object space 699392K, 88% used [0x00000000c0000000,0x00000000e59e67b8,0x00000000eab00000)
 Metaspace       used 66331K, committed 67904K, reserved 1114112K
  class space    used 6450K, committed 7104K, reserved 1048576K
}
Event: 89.116 GC heap after
{Heap after GC invocations=868 (full 3):
 PSYoungGen      total 3072K, used 481K [0x00000000eab00000, 0x00000000eaf80000, 0x0000000100000000)
  eden space 2560K, 0% used [0x00000000eab00000,0x00000000eab00000,0x00000000ead80000)
  from space 512K, 94% used [0x00000000ead80000,0x00000000eadf8750,0x00000000eae00000)
  to   space 1024K, 0% used [0x00000000eae80000,0x00000000eae80000,0x00000000eaf80000)
 ParOldGen       total 699392K, used 616665K [0x00000000c0000000, 0x00000000eab00000, 0x00000000eab00000)
  object space 699392K, 88% used [0x00000000c0000000,0x00000000e5a367b8,0x00000000eab00000)
 Metaspace       used 66331K, committed 67904K, reserved 1114112K
  class space    used 6450K, committed 7104K, reserved 1048576K
}

